2020-09-29 20:20:43,352 [Worker-4: Loading available Gradle versions] INFO  o.e.b.c.i.u.g.PublishedGradleVersions - Gradle version information cache is up-to-date. Trying to read.
2020-09-30 16:20:54,114 [Worker-99: Creating maven-archetype-quickstart] INFO  o.e.m.c.i.p.ProjectConfigurationManager - Collecting project info '/pom.xml' C:\Users\prashant\Desktop\week1\day6\junitdemo\moodanalyser\pom.xml
2020-09-30 16:21:02,618 [Worker-99: Creating maven-archetype-quickstart] INFO  o.e.m.c.i.l.LifecycleMappingFactory - Using org.eclipse.m2e.jdt.JarLifecycleMapping lifecycle mapping for MavenProject: com:moodanalyser:0.0.1-SNAPSHOT @ C:\Users\prashant\Desktop\week1\day6\junitdemo\moodanalyser\pom.xml.
2020-09-30 16:21:04,317 [Worker-99: Creating maven-archetype-quickstart] INFO  o.e.m.j.i.AbstractJavaProjectConfigurator - Adding source folder /moodanalyser/src/main/java
2020-09-30 16:21:04,340 [Worker-99: Creating maven-archetype-quickstart] INFO  o.e.m.j.i.AbstractJavaProjectConfigurator - Adding source folder /moodanalyser/src/test/java
2020-09-30 16:21:04,709 [Worker-99: Creating maven-archetype-quickstart] INFO  o.e.m.c.i.p.ProjectConfigurationManager - Imported and configured 1 project(s) in 10 sec
2020-09-30 16:21:10,640 [Worker-94: Building] INFO  o.e.m.c.i.embedder.EclipseLogger - Using 'UTF-8' encoding to copy filtered resources.
2020-09-30 16:21:10,640 [Worker-94: Building] INFO  o.e.m.c.i.embedder.EclipseLogger - skip non existing resourceDirectory C:\Users\prashant\Desktop\week1\day6\junitdemo\moodanalyser\src\main\resources
2020-09-30 16:21:10,643 [Worker-94: Building] INFO  o.e.m.c.i.embedder.EclipseLogger - Using 'UTF-8' encoding to copy filtered resources.
2020-09-30 16:21:10,643 [Worker-94: Building] INFO  o.e.m.c.i.embedder.EclipseLogger - skip non existing resourceDirectory C:\Users\prashant\Desktop\week1\day6\junitdemo\moodanalyser\src\test\resources
2020-09-30 16:23:40,253 [Worker-101: Building] INFO  o.e.m.c.i.embedder.EclipseLogger - Using 'UTF-8' encoding to copy filtered resources.
2020-09-30 16:23:40,254 [Worker-101: Building] INFO  o.e.m.c.i.embedder.EclipseLogger - skip non existing resourceDirectory C:\Users\prashant\Desktop\week1\day6\junitdemo\moodanalyser\src\main\resources
2020-09-30 16:23:40,256 [Worker-101: Building] INFO  o.e.m.c.i.embedder.EclipseLogger - Using 'UTF-8' encoding to copy filtered resources.
2020-09-30 16:23:40,257 [Worker-101: Building] INFO  o.e.m.c.i.embedder.EclipseLogger - skip non existing resourceDirectory C:\Users\prashant\Desktop\week1\day6\junitdemo\moodanalyser\src\test\resources
2020-09-30 16:24:35,140 [Worker-103: Building] INFO  o.e.m.c.i.embedder.EclipseLogger - Using 'UTF-8' encoding to copy filtered resources.
2020-09-30 16:24:35,141 [Worker-103: Building] INFO  o.e.m.c.i.embedder.EclipseLogger - skip non existing resourceDirectory C:\Users\prashant\Desktop\week1\day6\junitdemo\moodanalyser\src\main\resources
2020-09-30 16:24:35,144 [Worker-103: Building] INFO  o.e.m.c.i.embedder.EclipseLogger - Using 'UTF-8' encoding to copy filtered resources.
2020-09-30 16:24:35,144 [Worker-103: Building] INFO  o.e.m.c.i.embedder.EclipseLogger - skip non existing resourceDirectory C:\Users\prashant\Desktop\week1\day6\junitdemo\moodanalyser\src\test\resources
2020-09-30 16:25:02,668 [Worker-94: Building] INFO  o.e.m.c.i.embedder.EclipseLogger - Using 'UTF-8' encoding to copy filtered resources.
2020-09-30 16:25:02,669 [Worker-94: Building] INFO  o.e.m.c.i.embedder.EclipseLogger - skip non existing resourceDirectory C:\Users\prashant\Desktop\week1\day6\junitdemo\moodanalyser\src\main\resources
2020-09-30 16:25:02,672 [Worker-94: Building] INFO  o.e.m.c.i.embedder.EclipseLogger - Using 'UTF-8' encoding to copy filtered resources.
2020-09-30 16:25:02,673 [Worker-94: Building] INFO  o.e.m.c.i.embedder.EclipseLogger - skip non existing resourceDirectory C:\Users\prashant\Desktop\week1\day6\junitdemo\moodanalyser\src\test\resources
2020-09-30 16:31:55,575 [Worker-108: Building] INFO  o.e.m.c.i.embedder.EclipseLogger - Using 'UTF-8' encoding to copy filtered resources.
2020-09-30 16:31:55,576 [Worker-108: Building] INFO  o.e.m.c.i.embedder.EclipseLogger - skip non existing resourceDirectory C:\Users\prashant\Desktop\week1\day6\junitdemo\moodanalyser\src\main\resources
2020-09-30 16:31:55,579 [Worker-108: Building] INFO  o.e.m.c.i.embedder.EclipseLogger - Using 'UTF-8' encoding to copy filtered resources.
2020-09-30 16:31:55,579 [Worker-108: Building] INFO  o.e.m.c.i.embedder.EclipseLogger - skip non existing resourceDirectory C:\Users\prashant\Desktop\week1\day6\junitdemo\moodanalyser\src\test\resources
2020-09-30 16:42:57,686 [Worker-109: Launching MoodAnalyserTest] INFO  o.e.m.c.i.embedder.EclipseLogger - Using 'UTF-8' encoding to copy filtered resources.
2020-09-30 16:42:57,687 [Worker-109: Launching MoodAnalyserTest] INFO  o.e.m.c.i.embedder.EclipseLogger - skip non existing resourceDirectory C:\Users\prashant\Desktop\week1\day6\junitdemo\moodanalyser\src\main\resources
2020-09-30 16:42:57,689 [Worker-109: Launching MoodAnalyserTest] INFO  o.e.m.c.i.embedder.EclipseLogger - Using 'UTF-8' encoding to copy filtered resources.
2020-09-30 16:42:57,689 [Worker-109: Launching MoodAnalyserTest] INFO  o.e.m.c.i.embedder.EclipseLogger - skip non existing resourceDirectory C:\Users\prashant\Desktop\week1\day6\junitdemo\moodanalyser\src\test\resources
2020-09-30 16:43:21,564 [Worker-112: Launching MoodAnalyserTest] INFO  o.e.m.c.i.embedder.EclipseLogger - Using 'UTF-8' encoding to copy filtered resources.
2020-09-30 16:43:21,565 [Worker-112: Launching MoodAnalyserTest] INFO  o.e.m.c.i.embedder.EclipseLogger - skip non existing resourceDirectory C:\Users\prashant\Desktop\week1\day6\junitdemo\moodanalyser\src\main\resources
2020-09-30 16:43:21,569 [Worker-112: Launching MoodAnalyserTest] INFO  o.e.m.c.i.embedder.EclipseLogger - Using 'UTF-8' encoding to copy filtered resources.
2020-09-30 16:43:21,569 [Worker-112: Launching MoodAnalyserTest] INFO  o.e.m.c.i.embedder.EclipseLogger - skip non existing resourceDirectory C:\Users\prashant\Desktop\week1\day6\junitdemo\moodanalyser\src\test\resources
2020-09-30 16:54:05,857 [Worker-118: Launching MoodAnalyserTest] INFO  o.e.m.c.i.embedder.EclipseLogger - Using 'UTF-8' encoding to copy filtered resources.
2020-09-30 16:54:05,858 [Worker-118: Launching MoodAnalyserTest] INFO  o.e.m.c.i.embedder.EclipseLogger - skip non existing resourceDirectory C:\Users\prashant\Desktop\week1\day6\junitdemo\moodanalyser\src\main\resources
2020-09-30 16:54:05,864 [Worker-118: Launching MoodAnalyserTest] INFO  o.e.m.c.i.embedder.EclipseLogger - Using 'UTF-8' encoding to copy filtered resources.
2020-09-30 16:54:05,864 [Worker-118: Launching MoodAnalyserTest] INFO  o.e.m.c.i.embedder.EclipseLogger - skip non existing resourceDirectory C:\Users\prashant\Desktop\week1\day6\junitdemo\moodanalyser\src\test\resources
2020-09-30 16:56:04,767 [Worker-115: Launching MoodAnalyserTest] INFO  o.e.m.c.i.embedder.EclipseLogger - Using 'UTF-8' encoding to copy filtered resources.
2020-09-30 16:56:04,768 [Worker-115: Launching MoodAnalyserTest] INFO  o.e.m.c.i.embedder.EclipseLogger - skip non existing resourceDirectory C:\Users\prashant\Desktop\week1\day6\junitdemo\moodanalyser\src\main\resources
2020-09-30 16:56:04,771 [Worker-115: Launching MoodAnalyserTest] INFO  o.e.m.c.i.embedder.EclipseLogger - Using 'UTF-8' encoding to copy filtered resources.
2020-09-30 16:56:04,771 [Worker-115: Launching MoodAnalyserTest] INFO  o.e.m.c.i.embedder.EclipseLogger - skip non existing resourceDirectory C:\Users\prashant\Desktop\week1\day6\junitdemo\moodanalyser\src\test\resources
2020-09-30 19:22:40,553 [Worker-132: Launching MoodAnalyserTest] INFO  o.e.m.c.i.embedder.EclipseLogger - Using 'UTF-8' encoding to copy filtered resources.
2020-09-30 19:22:40,554 [Worker-132: Launching MoodAnalyserTest] INFO  o.e.m.c.i.embedder.EclipseLogger - skip non existing resourceDirectory C:\Users\prashant\Desktop\week1\day6\junitdemo\moodanalyser\src\main\resources
2020-09-30 19:22:40,556 [Worker-132: Launching MoodAnalyserTest] INFO  o.e.m.c.i.embedder.EclipseLogger - Using 'UTF-8' encoding to copy filtered resources.
2020-09-30 19:22:40,557 [Worker-132: Launching MoodAnalyserTest] INFO  o.e.m.c.i.embedder.EclipseLogger - skip non existing resourceDirectory C:\Users\prashant\Desktop\week1\day6\junitdemo\moodanalyser\src\test\resources
2020-09-30 19:29:30,907 [Worker-138: Launching MoodAnalyserTest] INFO  o.e.m.c.i.embedder.EclipseLogger - Using 'UTF-8' encoding to copy filtered resources.
2020-09-30 19:29:30,907 [Worker-138: Launching MoodAnalyserTest] INFO  o.e.m.c.i.embedder.EclipseLogger - skip non existing resourceDirectory C:\Users\prashant\Desktop\week1\day6\junitdemo\moodanalyser\src\main\resources
2020-09-30 19:29:30,910 [Worker-138: Launching MoodAnalyserTest] INFO  o.e.m.c.i.embedder.EclipseLogger - Using 'UTF-8' encoding to copy filtered resources.
2020-09-30 19:29:30,910 [Worker-138: Launching MoodAnalyserTest] INFO  o.e.m.c.i.embedder.EclipseLogger - skip non existing resourceDirectory C:\Users\prashant\Desktop\week1\day6\junitdemo\moodanalyser\src\test\resources
2020-09-30 19:32:23,518 [Worker-137: Launching MoodAnalyserTest] INFO  o.e.m.c.i.embedder.EclipseLogger - Using 'UTF-8' encoding to copy filtered resources.
2020-09-30 19:32:23,519 [Worker-137: Launching MoodAnalyserTest] INFO  o.e.m.c.i.embedder.EclipseLogger - skip non existing resourceDirectory C:\Users\prashant\Desktop\week1\day6\junitdemo\moodanalyser\src\main\resources
2020-09-30 19:32:23,521 [Worker-137: Launching MoodAnalyserTest] INFO  o.e.m.c.i.embedder.EclipseLogger - Using 'UTF-8' encoding to copy filtered resources.
2020-09-30 19:32:23,522 [Worker-137: Launching MoodAnalyserTest] INFO  o.e.m.c.i.embedder.EclipseLogger - skip non existing resourceDirectory C:\Users\prashant\Desktop\week1\day6\junitdemo\moodanalyser\src\test\resources
2020-09-30 19:35:15,794 [Worker-142: Launching MoodAnalyserTest] INFO  o.e.m.c.i.embedder.EclipseLogger - Using 'UTF-8' encoding to copy filtered resources.
2020-09-30 19:35:15,796 [Worker-142: Launching MoodAnalyserTest] INFO  o.e.m.c.i.embedder.EclipseLogger - skip non existing resourceDirectory C:\Users\prashant\Desktop\week1\day6\junitdemo\moodanalyser\src\main\resources
2020-09-30 19:35:15,799 [Worker-142: Launching MoodAnalyserTest] INFO  o.e.m.c.i.embedder.EclipseLogger - Using 'UTF-8' encoding to copy filtered resources.
2020-09-30 19:35:15,799 [Worker-142: Launching MoodAnalyserTest] INFO  o.e.m.c.i.embedder.EclipseLogger - skip non existing resourceDirectory C:\Users\prashant\Desktop\week1\day6\junitdemo\moodanalyser\src\test\resources
2020-09-30 19:47:49,919 [Worker-146: Launching MoodAnalyserTest] INFO  o.e.m.c.i.embedder.EclipseLogger - Using 'UTF-8' encoding to copy filtered resources.
2020-09-30 19:47:49,920 [Worker-146: Launching MoodAnalyserTest] INFO  o.e.m.c.i.embedder.EclipseLogger - skip non existing resourceDirectory C:\Users\prashant\Desktop\week1\day6\junitdemo\moodanalyser\src\main\resources
2020-09-30 19:47:49,923 [Worker-146: Launching MoodAnalyserTest] INFO  o.e.m.c.i.embedder.EclipseLogger - Using 'UTF-8' encoding to copy filtered resources.
2020-09-30 19:47:49,923 [Worker-146: Launching MoodAnalyserTest] INFO  o.e.m.c.i.embedder.EclipseLogger - skip non existing resourceDirectory C:\Users\prashant\Desktop\week1\day6\junitdemo\moodanalyser\src\test\resources
2020-09-30 19:52:31,865 [Worker-147: Building] INFO  o.e.m.c.i.embedder.EclipseLogger - Using 'UTF-8' encoding to copy filtered resources.
2020-09-30 19:52:31,866 [Worker-147: Building] INFO  o.e.m.c.i.embedder.EclipseLogger - skip non existing resourceDirectory C:\Users\prashant\Desktop\week1\day6\junitdemo\moodanalyser\src\main\resources
2020-09-30 19:52:31,868 [Worker-147: Building] INFO  o.e.m.c.i.embedder.EclipseLogger - Using 'UTF-8' encoding to copy filtered resources.
